<?xml version="1.0" encoding="UTF-8"?>
<!-- Generated by org.testng.reporters.JUnitXMLReporter -->
<testsuite ignored="0" hostname="LAPTOP-48ORBJJK" failures="0" tests="3" name="Test2" time="7.243" errors="0" timestamp="2024-07-17T20:38:56 IST">
  <testcase classname="BatchExecution.Amazon" name="amazon" time="1.969"/>
  <testcase classname="BatchExecution.Flipkart" name="flipkart" time="2.058"/>
  <testcase classname="BatchExecution.Meesho" name="meesho" time="3.208"/>
</testsuite> <!-- Test2 -->
