<?xml version="1.0" encoding="UTF-8"?>
<!-- Generated by org.testng.reporters.JUnitXMLReporter -->
<testsuite ignored="0" hostname="LAPTOP-48ORBJJK" failures="0" tests="3" name="Test1" time="10.845" errors="0" timestamp="2024-07-17T20:38:49 IST">
  <testcase classname="BatchExecution.TestNgXmlFile2" name="shahidkapoor" time="5.773"/>
  <testcase classname="BatchExecution.TestNgXmlFile1" name="amrutarao" time="2.754"/>
  <testcase classname="BatchExecution.TestNgXmlFile3" name="saipallavi" time="2.281"/>
</testsuite> <!-- Test1 -->
