<?xml version="1.0" encoding="UTF-8"?>
<!-- Generated by org.testng.reporters.JUnitXMLReporter -->
<testsuite ignored="0" hostname="LAPTOP-48ORBJJK" failures="0" tests="3" name="Default test" time="14.395" errors="0" timestamp="2024-07-17T12:59:07 IST">
  <testcase classname="TestScript.TimeoutMethodAttribute" name="blacklipstick" time="5.532"/>
  <testcase classname="TestScript.TimeoutMethodAttribute" name="greenlipstick" time="5.001"/>
  <testcase classname="TestScript.TimeoutMethodAttribute" name="redlipstick" time="3.82"/>
</testsuite> <!-- Default test -->
